\BOOKMARK [1][-]{section.1}{Abstract}{}% 1
\BOOKMARK [1][-]{section.2}{Introduction}{}% 2
\BOOKMARK [2][-]{subsection.2.1}{Plant materials}{section.2}% 3
\BOOKMARK [2][-]{subsection.2.2}{Population-level Genotyping}{section.2}% 4
\BOOKMARK [2][-]{subsection.2.3}{Aerial phenotyping}{section.2}% 5
\BOOKMARK [2][-]{subsection.2.4}{Multivariate genetic mixed model}{section.2}% 6
\BOOKMARK [2][-]{subsection.2.5}{Genomic prediction}{section.2}% 7
\BOOKMARK [2][-]{subsection.2.6}{Growth Curves}{section.2}% 8
\BOOKMARK [1][-]{section.3}{Results}{}% 9
\BOOKMARK [2][-]{subsection.3.1}{Efficacy of population-level sequenced-based genotyping approach}{section.3}% 10
\BOOKMARK [2][-]{subsection.3.2}{Genetic covariance between populations}{section.3}% 11
\BOOKMARK [3][-]{subsubsection.3.2.1}{Cornell materials}{subsection.3.2}% 12
\BOOKMARK [3][-]{subsubsection.3.2.2}{Historic germplasm diallel}{subsection.3.2}% 13
\BOOKMARK [2][-]{subsection.3.3}{Phenotypic description}{section.3}% 14
\BOOKMARK [2][-]{subsection.3.4}{Genetic parameters}{section.3}% 15
\BOOKMARK [2][-]{subsection.3.5}{Genetic relationships between NDVI and forage yield and quality}{section.3}% 16
\BOOKMARK [2][-]{subsection.3.6}{Using Vegetative indices to predict unobserved phenotypes}{section.3}% 17
\BOOKMARK [2][-]{subsection.3.7}{Genotype specific growth curves}{section.3}% 18
\BOOKMARK [1][-]{section.4}{Conclusion}{}% 19
\BOOKMARK [1][-]{section.5}{Acknowledgments}{}% 20
\BOOKMARK [1][-]{section.6}{Keywords}{}% 21
